ERROR 2025-01-16 14:51:46,157 views 发生错误: <class 'Exception'>
Traceback (most recent call last):
  File "C:\Users\LvZhifeng\Desktop\quick\quickBackend\image_manager\views.py", line 46, in handle_image_request
    page_obj = paginator.page(page)
  File "D:\Users\LvZhifeng\AppData\Local\Programs\Python\Python39\lib\site-packages\django\core\paginator.py", line 72, in page
    number = self.validate_number(number)
  File "D:\Users\LvZhifeng\AppData\Local\Programs\Python\Python39\lib\site-packages\django\core\paginator.py", line 54, in validate_number
    raise EmptyPage(_("That page contains no results"))
django.core.paginator.EmptyPage: That page contains no results
ERROR 2025-01-16 14:52:28,411 views 发生错误: <class 'Exception'>
Traceback (most recent call last):
  File "C:\Users\LvZhifeng\Desktop\quick\quickBackend\image_manager\views.py", line 46, in handle_image_request
    page_obj = paginator.page(page)
  File "D:\Users\LvZhifeng\AppData\Local\Programs\Python\Python39\lib\site-packages\django\core\paginator.py", line 72, in page
    number = self.validate_number(number)
  File "D:\Users\LvZhifeng\AppData\Local\Programs\Python\Python39\lib\site-packages\django\core\paginator.py", line 54, in validate_number
    raise EmptyPage(_("That page contains no results"))
django.core.paginator.EmptyPage: That page contains no results
ERROR 2025-01-16 14:53:42,486 views 发生错误: <class 'Exception'>
Traceback (most recent call last):
  File "C:\Users\LvZhifeng\Desktop\quick\quickBackend\image_manager\views.py", line 46, in handle_image_request
    page_obj = paginator.page(page)
  File "D:\Users\LvZhifeng\AppData\Local\Programs\Python\Python39\lib\site-packages\django\core\paginator.py", line 72, in page
    number = self.validate_number(number)
  File "D:\Users\LvZhifeng\AppData\Local\Programs\Python\Python39\lib\site-packages\django\core\paginator.py", line 54, in validate_number
    raise EmptyPage(_("That page contains no results"))
django.core.paginator.EmptyPage: That page contains no results
